<?xml version="1.0" encoding="UTF-8"?>
<coverage generated="1774343442985" clover="3.2.0">
  <project timestamp="1774343442985" name="All files">
    <metrics statements="46" coveredstatements="43" conditionals="28" coveredconditionals="20" methods="12" coveredmethods="12" elements="86" coveredelements="75" complexity="0" loc="46" ncloc="46" packages="1" files="2" classes="2"/>
    <file name="security.js" path="D:\Coding\secure-ecommerce-project\frontend\src\utils\security.js">
      <metrics statements="16" coveredstatements="16" conditionals="2" coveredconditionals="2" methods="6" coveredmethods="6"/>
      <line num="3" count="13" type="cond" truecount="2" falsecount="0"/>
      <line num="6" count="9" type="stmt"/>
      <line num="7" count="9" type="stmt"/>
      <line num="10" count="9" type="stmt"/>
      <line num="18" count="9" type="stmt"/>
      <line num="19" count="45" type="stmt"/>
      <line num="22" count="9" type="stmt"/>
      <line num="26" count="3" type="stmt"/>
      <line num="27" count="3" type="stmt"/>
      <line num="28" count="3" type="stmt"/>
      <line num="32" count="8" type="stmt"/>
      <line num="33" count="8" type="stmt"/>
      <line num="38" count="10" type="stmt"/>
      <line num="39" count="10" type="stmt"/>
      <line num="44" count="9" type="stmt"/>
      <line num="45" count="9" type="stmt"/>
    </file>
    <file name="validation.js" path="D:\Coding\secure-ecommerce-project\frontend\src\utils\validation.js">
      <metrics statements="30" coveredstatements="27" conditionals="26" coveredconditionals="18" methods="6" coveredmethods="6"/>
      <line num="3" count="1" type="stmt"/>
      <line num="7" count="4" type="cond" truecount="1" falsecount="1"/>
      <line num="8" count="4" type="cond" truecount="1" falsecount="1"/>
      <line num="9" count="0" type="stmt"/>
      <line num="11" count="4" type="stmt"/>
      <line num="18" count="3" type="cond" truecount="1" falsecount="1"/>
      <line num="19" count="3" type="cond" truecount="1" falsecount="1"/>
      <line num="20" count="0" type="stmt"/>
      <line num="22" count="3" type="stmt"/>
      <line num="29" count="4" type="cond" truecount="1" falsecount="1"/>
      <line num="30" count="4" type="cond" truecount="2" falsecount="0"/>
      <line num="31" count="1" type="stmt"/>
      <line num="33" count="3" type="stmt"/>
      <line num="40" count="4" type="cond" truecount="1" falsecount="1"/>
      <line num="41" count="4" type="stmt"/>
      <line num="42" count="4" type="cond" truecount="1" falsecount="1"/>
      <line num="43" count="0" type="stmt"/>
      <line num="45" count="4" type="stmt"/>
      <line num="51" count="4" type="stmt"/>
      <line num="53" count="4" type="stmt"/>
      <line num="54" count="16" type="stmt"/>
      <line num="55" count="16" type="stmt"/>
      <line num="57" count="16" type="cond" truecount="4" falsecount="0"/>
      <line num="58" count="1" type="cond" truecount="2" falsecount="0"/>
      <line num="59" count="1" type="stmt"/>
      <line num="62" count="15" type="cond" truecount="1" falsecount="1"/>
      <line num="63" count="15" type="stmt"/>
      <line num="64" count="15" type="cond" truecount="2" falsecount="0"/>
      <line num="65" count="1" type="stmt"/>
      <line num="70" count="4" type="stmt"/>
    </file>
  </project>
</coverage>
