{"D:\\Coding\\secure-ecommerce-project\\frontend\\src\\utils\\security.js": {"path":"D:\\Coding\\secure-ecommerce-project\\frontend\\src\\utils\\security.js","statementMap":{"0":{"start":{"line":3,"column":4},"end":{"line":3,"column":48}},"1":{"start":{"line":3,"column":35},"end":{"line":3,"column":48}},"2":{"start":{"line":6,"column":22},"end":{"line":6,"column":32}},"3":{"start":{"line":7,"column":4},"end":{"line":7,"column":41}},"4":{"start":{"line":10,"column":30},"end":{"line":16,"column":5}},"5":{"start":{"line":18,"column":4},"end":{"line":20,"column":7}},"6":{"start":{"line":19,"column":6},"end":{"line":19,"column":41}},"7":{"start":{"line":22,"column":4},"end":{"line":22,"column":24}},"8":{"start":{"line":26,"column":16},"end":{"line":26,"column":45}},"9":{"start":{"line":27,"column":4},"end":{"line":27,"column":27}},"10":{"start":{"line":28,"column":4},"end":{"line":28,"column":25}},"11":{"start":{"line":32,"column":23},"end":{"line":32,"column":51}},"12":{"start":{"line":33,"column":4},"end":{"line":33,"column":34}},"13":{"start":{"line":38,"column":26},"end":{"line":38,"column":76}},"14":{"start":{"line":39,"column":4},"end":{"line":39,"column":40}},"15":{"start":{"line":44,"column":26},"end":{"line":44,"column":48}},"16":{"start":{"line":45,"column":4},"end":{"line":45,"column":40}}},"fnMap":{"0":{"name":"(anonymous_0)","decl":{"start":{"line":2,"column":2},"end":{"line":2,"column":3}},"loc":{"start":{"line":2,"column":30},"end":{"line":23,"column":3}},"line":2},"1":{"name":"(anonymous_1)","decl":{"start":{"line":18,"column":30},"end":{"line":18,"column":31}},"loc":{"start":{"line":18,"column":41},"end":{"line":20,"column":5}},"line":18},"2":{"name":"(anonymous_2)","decl":{"start":{"line":25,"column":2},"end":{"line":25,"column":3}},"loc":{"start":{"line":25,"column":26},"end":{"line":29,"column":3}},"line":25},"3":{"name":"(anonymous_3)","decl":{"start":{"line":31,"column":2},"end":{"line":31,"column":3}},"loc":{"start":{"line":31,"column":30},"end":{"line":34,"column":3}},"line":31},"4":{"name":"(anonymous_4)","decl":{"start":{"line":36,"column":2},"end":{"line":36,"column":3}},"loc":{"start":{"line":36,"column":36},"end":{"line":40,"column":3}},"line":36},"5":{"name":"(anonymous_5)","decl":{"start":{"line":42,"column":2},"end":{"line":42,"column":3}},"loc":{"start":{"line":42,"column":36},"end":{"line":46,"column":3}},"line":42}},"branchMap":{"0":{"loc":{"start":{"line":3,"column":4},"end":{"line":3,"column":48}},"type":"if","locations":[{"start":{"line":3,"column":4},"end":{"line":3,"column":48}},{"start":{},"end":{}}],"line":3}},"s":{"0":13,"1":4,"2":9,"3":9,"4":9,"5":9,"6":45,"7":9,"8":3,"9":3,"10":3,"11":8,"12":8,"13":10,"14":10,"15":9,"16":9},"f":{"0":13,"1":45,"2":3,"3":8,"4":10,"5":9},"b":{"0":[4,9]},"_coverageSchema":"1a1c01bbd47fc00a2c39e90264f33305004495a9","hash":"ae2f02959a17e2e6fd049b3e57aec543782c5619"}
,"D:\\Coding\\secure-ecommerce-project\\frontend\\src\\utils\\validation.js": {"path":"D:\\Coding\\secure-ecommerce-project\\frontend\\src\\utils\\validation.js","statementMap":{"0":{"start":{"line":3,"column":31},"end":{"line":48,"column":1}},"1":{"start":{"line":7,"column":6},"end":{"line":7,"column":35}},"2":{"start":{"line":7,"column":18},"end":{"line":7,"column":35}},"3":{"start":{"line":8,"column":6},"end":{"line":10,"column":7}},"4":{"start":{"line":9,"column":8},"end":{"line":9,"column":38}},"5":{"start":{"line":11,"column":6},"end":{"line":11,"column":18}},"6":{"start":{"line":18,"column":6},"end":{"line":18,"column":34}},"7":{"start":{"line":18,"column":18},"end":{"line":18,"column":34}},"8":{"start":{"line":19,"column":6},"end":{"line":21,"column":7}},"9":{"start":{"line":20,"column":8},"end":{"line":20,"column":28}},"10":{"start":{"line":22,"column":6},"end":{"line":22,"column":18}},"11":{"start":{"line":29,"column":6},"end":{"line":29,"column":34}},"12":{"start":{"line":29,"column":18},"end":{"line":29,"column":34}},"13":{"start":{"line":30,"column":6},"end":{"line":32,"column":7}},"14":{"start":{"line":31,"column":8},"end":{"line":31,"column":36}},"15":{"start":{"line":33,"column":6},"end":{"line":33,"column":18}},"16":{"start":{"line":40,"column":6},"end":{"line":40,"column":35}},"17":{"start":{"line":40,"column":18},"end":{"line":40,"column":35}},"18":{"start":{"line":41,"column":25},"end":{"line":41,"column":40}},"19":{"start":{"line":42,"column":6},"end":{"line":44,"column":7}},"20":{"start":{"line":43,"column":8},"end":{"line":43,"column":28}},"21":{"start":{"line":45,"column":6},"end":{"line":45,"column":18}},"22":{"start":{"line":51,"column":17},"end":{"line":51,"column":19}},"23":{"start":{"line":53,"column":2},"end":{"line":68,"column":5}},"24":{"start":{"line":54,"column":17},"end":{"line":54,"column":29}},"25":{"start":{"line":55,"column":18},"end":{"line":55,"column":33}},"26":{"start":{"line":57,"column":4},"end":{"line":60,"column":5}},"27":{"start":{"line":58,"column":6},"end":{"line":58,"column":61}},"28":{"start":{"line":59,"column":6},"end":{"line":59,"column":13}},"29":{"start":{"line":62,"column":4},"end":{"line":67,"column":5}},"30":{"start":{"line":63,"column":21},"end":{"line":63,"column":42}},"31":{"start":{"line":64,"column":6},"end":{"line":66,"column":7}},"32":{"start":{"line":65,"column":8},"end":{"line":65,"column":31}},"33":{"start":{"line":70,"column":2},"end":{"line":73,"column":4}}},"fnMap":{"0":{"name":"(anonymous_0)","decl":{"start":{"line":6,"column":15},"end":{"line":6,"column":16}},"loc":{"start":{"line":6,"column":26},"end":{"line":12,"column":5}},"line":6},"1":{"name":"(anonymous_1)","decl":{"start":{"line":17,"column":15},"end":{"line":17,"column":16}},"loc":{"start":{"line":17,"column":26},"end":{"line":23,"column":5}},"line":17},"2":{"name":"(anonymous_2)","decl":{"start":{"line":28,"column":15},"end":{"line":28,"column":16}},"loc":{"start":{"line":28,"column":26},"end":{"line":34,"column":5}},"line":28},"3":{"name":"(anonymous_3)","decl":{"start":{"line":39,"column":15},"end":{"line":39,"column":16}},"loc":{"start":{"line":39,"column":26},"end":{"line":46,"column":5}},"line":39},"4":{"name":"validateForm","decl":{"start":{"line":50,"column":16},"end":{"line":50,"column":28}},"loc":{"start":{"line":50,"column":46},"end":{"line":74,"column":1}},"line":50},"5":{"name":"(anonymous_5)","decl":{"start":{"line":53,"column":29},"end":{"line":53,"column":30}},"loc":{"start":{"line":53,"column":38},"end":{"line":68,"column":3}},"line":53}},"branchMap":{"0":{"loc":{"start":{"line":7,"column":6},"end":{"line":7,"column":35}},"type":"if","locations":[{"start":{"line":7,"column":6},"end":{"line":7,"column":35}},{"start":{},"end":{}}],"line":7},"1":{"loc":{"start":{"line":8,"column":6},"end":{"line":10,"column":7}},"type":"if","locations":[{"start":{"line":8,"column":6},"end":{"line":10,"column":7}},{"start":{},"end":{}}],"line":8},"2":{"loc":{"start":{"line":18,"column":6},"end":{"line":18,"column":34}},"type":"if","locations":[{"start":{"line":18,"column":6},"end":{"line":18,"column":34}},{"start":{},"end":{}}],"line":18},"3":{"loc":{"start":{"line":19,"column":6},"end":{"line":21,"column":7}},"type":"if","locations":[{"start":{"line":19,"column":6},"end":{"line":21,"column":7}},{"start":{},"end":{}}],"line":19},"4":{"loc":{"start":{"line":29,"column":6},"end":{"line":29,"column":34}},"type":"if","locations":[{"start":{"line":29,"column":6},"end":{"line":29,"column":34}},{"start":{},"end":{}}],"line":29},"5":{"loc":{"start":{"line":30,"column":6},"end":{"line":32,"column":7}},"type":"if","locations":[{"start":{"line":30,"column":6},"end":{"line":32,"column":7}},{"start":{},"end":{}}],"line":30},"6":{"loc":{"start":{"line":40,"column":6},"end":{"line":40,"column":35}},"type":"if","locations":[{"start":{"line":40,"column":6},"end":{"line":40,"column":35}},{"start":{},"end":{}}],"line":40},"7":{"loc":{"start":{"line":42,"column":6},"end":{"line":44,"column":7}},"type":"if","locations":[{"start":{"line":42,"column":6},"end":{"line":44,"column":7}},{"start":{},"end":{}}],"line":42},"8":{"loc":{"start":{"line":57,"column":4},"end":{"line":60,"column":5}},"type":"if","locations":[{"start":{"line":57,"column":4},"end":{"line":60,"column":5}},{"start":{},"end":{}}],"line":57},"9":{"loc":{"start":{"line":57,"column":8},"end":{"line":57,"column":31}},"type":"binary-expr","locations":[{"start":{"line":57,"column":8},"end":{"line":57,"column":21}},{"start":{"line":57,"column":25},"end":{"line":57,"column":31}}],"line":57},"10":{"loc":{"start":{"line":58,"column":22},"end":{"line":58,"column":60}},"type":"binary-expr","locations":[{"start":{"line":58,"column":22},"end":{"line":58,"column":42}},{"start":{"line":58,"column":46},"end":{"line":58,"column":60}}],"line":58},"11":{"loc":{"start":{"line":62,"column":4},"end":{"line":67,"column":5}},"type":"if","locations":[{"start":{"line":62,"column":4},"end":{"line":67,"column":5}},{"start":{},"end":{}}],"line":62},"12":{"loc":{"start":{"line":64,"column":6},"end":{"line":66,"column":7}},"type":"if","locations":[{"start":{"line":64,"column":6},"end":{"line":66,"column":7}},{"start":{},"end":{}}],"line":64}},"s":{"0":1,"1":4,"2":0,"3":4,"4":0,"5":4,"6":3,"7":0,"8":3,"9":0,"10":3,"11":4,"12":0,"13":4,"14":1,"15":3,"16":4,"17":0,"18":4,"19":4,"20":0,"21":4,"22":4,"23":4,"24":16,"25":16,"26":16,"27":1,"28":1,"29":15,"30":15,"31":15,"32":1,"33":4},"f":{"0":4,"1":3,"2":4,"3":4,"4":4,"5":16},"b":{"0":[0,4],"1":[0,4],"2":[0,3],"3":[0,3],"4":[0,4],"5":[1,3],"6":[0,4],"7":[0,4],"8":[1,15],"9":[16,16],"10":[1,1],"11":[15,0],"12":[1,14]},"_coverageSchema":"1a1c01bbd47fc00a2c39e90264f33305004495a9","hash":"ba87d7299eef05f8fc0f6980ec96047b4ce2825d"}
}
