TN:
SF:src\utils\security.js
FN:2,(anonymous_0)
FN:18,(anonymous_1)
FN:25,(anonymous_2)
FN:31,(anonymous_3)
FN:36,(anonymous_4)
FN:42,(anonymous_5)
FNF:6
FNH:6
FNDA:13,(anonymous_0)
FNDA:45,(anonymous_1)
FNDA:3,(anonymous_2)
FNDA:8,(anonymous_3)
FNDA:10,(anonymous_4)
FNDA:9,(anonymous_5)
DA:3,13
DA:6,9
DA:7,9
DA:10,9
DA:18,9
DA:19,45
DA:22,9
DA:26,3
DA:27,3
DA:28,3
DA:32,8
DA:33,8
DA:38,10
DA:39,10
DA:44,9
DA:45,9
LF:16
LH:16
BRDA:3,0,0,4
BRDA:3,0,1,9
BRF:2
BRH:2
end_of_record
TN:
SF:src\utils\validation.js
FN:6,(anonymous_0)
FN:17,(anonymous_1)
FN:28,(anonymous_2)
FN:39,(anonymous_3)
FN:50,validateForm
FN:53,(anonymous_5)
FNF:6
FNH:6
FNDA:4,(anonymous_0)
FNDA:3,(anonymous_1)
FNDA:4,(anonymous_2)
FNDA:4,(anonymous_3)
FNDA:4,validateForm
FNDA:16,(anonymous_5)
DA:3,1
DA:7,4
DA:8,4
DA:9,0
DA:11,4
DA:18,3
DA:19,3
DA:20,0
DA:22,3
DA:29,4
DA:30,4
DA:31,1
DA:33,3
DA:40,4
DA:41,4
DA:42,4
DA:43,0
DA:45,4
DA:51,4
DA:53,4
DA:54,16
DA:55,16
DA:57,16
DA:58,1
DA:59,1
DA:62,15
DA:63,15
DA:64,15
DA:65,1
DA:70,4
LF:30
LH:27
BRDA:7,0,0,0
BRDA:7,0,1,4
BRDA:8,1,0,0
BRDA:8,1,1,4
BRDA:18,2,0,0
BRDA:18,2,1,3
BRDA:19,3,0,0
BRDA:19,3,1,3
BRDA:29,4,0,0
BRDA:29,4,1,4
BRDA:30,5,0,1
BRDA:30,5,1,3
BRDA:40,6,0,0
BRDA:40,6,1,4
BRDA:42,7,0,0
BRDA:42,7,1,4
BRDA:57,8,0,1
BRDA:57,8,1,15
BRDA:57,9,0,16
BRDA:57,9,1,16
BRDA:58,10,0,1
BRDA:58,10,1,1
BRDA:62,11,0,15
BRDA:62,11,1,0
BRDA:64,12,0,1
BRDA:64,12,1,14
BRF:26
BRH:18
end_of_record
